<?xml version="1.0" encoding="UTF-8"?>
<testng-results skipped="0" failed="0" total="1" passed="1">
  <reporter-output>
  </reporter-output>
  <suite name="Default suite" duration-ms="30276" started-at="2021-01-11T23:01:40Z" finished-at="2021-01-11T23:02:11Z">
    <groups>
    </groups>
    <test name="Default test" duration-ms="30276" started-at="2021-01-11T23:01:40Z" finished-at="2021-01-11T23:02:11Z">
      <class name="sampleAMZ.AmazonTest">
        <test-method status="PASS" signature="TestAMZ()[pri:0, instance:sampleAMZ.AmazonTest@f5e5e3]" name="TestAMZ" duration-ms="30243" started-at="2021-01-11T17:01:40Z" finished-at="2021-01-11T17:02:11Z">
          <reporter-output>
          </reporter-output>
        </test-method> <!-- TestAMZ -->
      </class> <!-- sampleAMZ.AmazonTest -->
    </test> <!-- Default test -->
  </suite> <!-- Default suite -->
</testng-results>
